CRITICAL - 2023-09-11 10:17:48 --> Undefined array key "qty"
in APPPATH\Views\barang_view.php on line 25.
 1 APPPATH\Views\barang_view.php(25): CodeIgniter\Debug\Exceptions->errorHandler(2, 'Undefined array key "qty"', 'D:\\belajar\\app\\Views\\barang_view.php', 25)
 2 SYSTEMPATH\View\View.php(226): include('D:\\belajar\\app\\Views\\barang_view.php')
 3 SYSTEMPATH\View\View.php(229): CodeIgniter\View\View->CodeIgniter\View\{closure}()
 4 SYSTEMPATH\Common.php(1178): CodeIgniter\View\View->render('barang_view', [], true)
 5 APPPATH\Controllers\Barang.php(14): view('barang_view', [...])
 6 SYSTEMPATH\CodeIgniter.php(915): App\Controllers\Barang->index()
 7 SYSTEMPATH\CodeIgniter.php(492): CodeIgniter\CodeIgniter->runController(Object(App\Controllers\Barang))
 8 SYSTEMPATH\CodeIgniter.php(353): CodeIgniter\CodeIgniter->handleRequest(null, Object(Config\Cache), false)
 9 FCPATH\index.php(79): CodeIgniter\CodeIgniter->run()
10 SYSTEMPATH\Commands\Server\rewrite.php(47): require_once('D:\\belajar\\public\\index.php')
CRITICAL - 2023-09-11 10:17:48 --> Undefined array key "qty"
in APPPATH\Views\barang_view.php on line 25.
 1 APPPATH\Views\barang_view.php(25): CodeIgniter\Debug\Exceptions->errorHandler(2, 'Undefined array key "qty"', 'D:\\belajar\\app\\Views\\barang_view.php', 25)
 2 SYSTEMPATH\View\View.php(226): include('D:\\belajar\\app\\Views\\barang_view.php')
 3 SYSTEMPATH\View\View.php(229): CodeIgniter\View\View->CodeIgniter\View\{closure}()
 4 SYSTEMPATH\Common.php(1178): CodeIgniter\View\View->render('barang_view', [], true)
 5 APPPATH\Controllers\Barang.php(14): view('barang_view', [...])
 6 SYSTEMPATH\CodeIgniter.php(915): App\Controllers\Barang->index()
 7 SYSTEMPATH\CodeIgniter.php(492): CodeIgniter\CodeIgniter->runController(Object(App\Controllers\Barang))
 8 SYSTEMPATH\CodeIgniter.php(353): CodeIgniter\CodeIgniter->handleRequest(null, Object(Config\Cache), false)
 9 FCPATH\index.php(79): CodeIgniter\CodeIgniter->run()
10 SYSTEMPATH\Commands\Server\rewrite.php(47): require_once('D:\\belajar\\public\\index.php')
CRITICAL - 2023-09-11 10:17:57 --> Undefined array key "qty"
in APPPATH\Views\barang_view.php on line 25.
 1 APPPATH\Views\barang_view.php(25): CodeIgniter\Debug\Exceptions->errorHandler(2, 'Undefined array key "qty"', 'D:\\belajar\\app\\Views\\barang_view.php', 25)
 2 SYSTEMPATH\View\View.php(226): include('D:\\belajar\\app\\Views\\barang_view.php')
 3 SYSTEMPATH\View\View.php(229): CodeIgniter\View\View->CodeIgniter\View\{closure}()
 4 SYSTEMPATH\Common.php(1178): CodeIgniter\View\View->render('barang_view', [], true)
 5 APPPATH\Controllers\Barang.php(14): view('barang_view', [...])
 6 SYSTEMPATH\CodeIgniter.php(915): App\Controllers\Barang->index()
 7 SYSTEMPATH\CodeIgniter.php(492): CodeIgniter\CodeIgniter->runController(Object(App\Controllers\Barang))
 8 SYSTEMPATH\CodeIgniter.php(353): CodeIgniter\CodeIgniter->handleRequest(null, Object(Config\Cache), false)
 9 FCPATH\index.php(79): CodeIgniter\CodeIgniter->run()
10 SYSTEMPATH\Commands\Server\rewrite.php(47): require_once('D:\\belajar\\public\\index.php')
CRITICAL - 2023-09-11 10:20:32 --> Undefined array key "qty"
in APPPATH\Views\barang_view.php on line 25.
 1 APPPATH\Views\barang_view.php(25): CodeIgniter\Debug\Exceptions->errorHandler(2, 'Undefined array key "qty"', 'D:\\belajar\\app\\Views\\barang_view.php', 25)
 2 SYSTEMPATH\View\View.php(226): include('D:\\belajar\\app\\Views\\barang_view.php')
 3 SYSTEMPATH\View\View.php(229): CodeIgniter\View\View->CodeIgniter\View\{closure}()
 4 SYSTEMPATH\Common.php(1178): CodeIgniter\View\View->render('barang_view', [], true)
 5 APPPATH\Controllers\Barang.php(14): view('barang_view', [...])
 6 SYSTEMPATH\CodeIgniter.php(915): App\Controllers\Barang->index()
 7 SYSTEMPATH\CodeIgniter.php(492): CodeIgniter\CodeIgniter->runController(Object(App\Controllers\Barang))
 8 SYSTEMPATH\CodeIgniter.php(353): CodeIgniter\CodeIgniter->handleRequest(null, Object(Config\Cache), false)
 9 FCPATH\index.php(79): CodeIgniter\CodeIgniter->run()
10 SYSTEMPATH\Commands\Server\rewrite.php(47): require_once('D:\\belajar\\public\\index.php')
CRITICAL - 2023-09-11 10:20:33 --> Undefined array key "qty"
in APPPATH\Views\barang_view.php on line 25.
 1 APPPATH\Views\barang_view.php(25): CodeIgniter\Debug\Exceptions->errorHandler(2, 'Undefined array key "qty"', 'D:\\belajar\\app\\Views\\barang_view.php', 25)
 2 SYSTEMPATH\View\View.php(226): include('D:\\belajar\\app\\Views\\barang_view.php')
 3 SYSTEMPATH\View\View.php(229): CodeIgniter\View\View->CodeIgniter\View\{closure}()
 4 SYSTEMPATH\Common.php(1178): CodeIgniter\View\View->render('barang_view', [], true)
 5 APPPATH\Controllers\Barang.php(14): view('barang_view', [...])
 6 SYSTEMPATH\CodeIgniter.php(915): App\Controllers\Barang->index()
 7 SYSTEMPATH\CodeIgniter.php(492): CodeIgniter\CodeIgniter->runController(Object(App\Controllers\Barang))
 8 SYSTEMPATH\CodeIgniter.php(353): CodeIgniter\CodeIgniter->handleRequest(null, Object(Config\Cache), false)
 9 FCPATH\index.php(79): CodeIgniter\CodeIgniter->run()
10 SYSTEMPATH\Commands\Server\rewrite.php(47): require_once('D:\\belajar\\public\\index.php')
CRITICAL - 2023-09-11 10:20:34 --> Undefined array key "qty"
in APPPATH\Views\barang_view.php on line 25.
 1 APPPATH\Views\barang_view.php(25): CodeIgniter\Debug\Exceptions->errorHandler(2, 'Undefined array key "qty"', 'D:\\belajar\\app\\Views\\barang_view.php', 25)
 2 SYSTEMPATH\View\View.php(226): include('D:\\belajar\\app\\Views\\barang_view.php')
 3 SYSTEMPATH\View\View.php(229): CodeIgniter\View\View->CodeIgniter\View\{closure}()
 4 SYSTEMPATH\Common.php(1178): CodeIgniter\View\View->render('barang_view', [], true)
 5 APPPATH\Controllers\Barang.php(14): view('barang_view', [...])
 6 SYSTEMPATH\CodeIgniter.php(915): App\Controllers\Barang->index()
 7 SYSTEMPATH\CodeIgniter.php(492): CodeIgniter\CodeIgniter->runController(Object(App\Controllers\Barang))
 8 SYSTEMPATH\CodeIgniter.php(353): CodeIgniter\CodeIgniter->handleRequest(null, Object(Config\Cache), false)
 9 FCPATH\index.php(79): CodeIgniter\CodeIgniter->run()
10 SYSTEMPATH\Commands\Server\rewrite.php(47): require_once('D:\\belajar\\public\\index.php')
